{"C:\\Users\\USER\\Desktop\\공부\\express\\nodebird\\app.js": {"path":"C:\\Users\\USER\\Desktop\\공부\\express\\nodebird\\app.js","statementMap":{"0":{"start":{"line":1,"column":16},"end":{"line":1,"column":34}},"1":{"start":{"line":2,"column":21},"end":{"line":2,"column":45}},"2":{"start":{"line":3,"column":15},"end":{"line":3,"column":32}},"3":{"start":{"line":4,"column":13},"end":{"line":4,"column":28}},"4":{"start":{"line":5,"column":16},"end":{"line":5,"column":42}},"5":{"start":{"line":6,"column":17},"end":{"line":6,"column":36}},"6":{"start":{"line":7,"column":15},"end":{"line":7,"column":32}},"7":{"start":{"line":8,"column":17},"end":{"line":8,"column":36}},"8":{"start":{"line":10,"column":0},"end":{"line":10,"column":16}},"9":{"start":{"line":11,"column":19},"end":{"line":11,"column":43}},"10":{"start":{"line":12,"column":19},"end":{"line":12,"column":43}},"11":{"start":{"line":13,"column":19},"end":{"line":13,"column":43}},"12":{"start":{"line":14,"column":19},"end":{"line":14,"column":43}},"13":{"start":{"line":15,"column":22},"end":{"line":15,"column":41}},"14":{"start":{"line":16,"column":23},"end":{"line":16,"column":44}},"15":{"start":{"line":18,"column":12},"end":{"line":18,"column":21}},"16":{"start":{"line":19,"column":0},"end":{"line":19,"column":17}},"17":{"start":{"line":20,"column":0},"end":{"line":20,"column":42}},"18":{"start":{"line":21,"column":0},"end":{"line":21,"column":31}},"19":{"start":{"line":22,"column":0},"end":{"line":25,"column":3}},"20":{"start":{"line":27,"column":0},"end":{"line":33,"column":3}},"21":{"start":{"line":29,"column":2},"end":{"line":29,"column":45}},"22":{"start":{"line":32,"column":2},"end":{"line":32,"column":21}},"23":{"start":{"line":36,"column":0},"end":{"line":36,"column":56}},"24":{"start":{"line":37,"column":0},"end":{"line":37,"column":65}},"25":{"start":{"line":38,"column":0},"end":{"line":38,"column":24}},"26":{"start":{"line":39,"column":0},"end":{"line":39,"column":48}},"27":{"start":{"line":40,"column":0},"end":{"line":40,"column":49}},"28":{"start":{"line":41,"column":0},"end":{"line":49,"column":4}},"29":{"start":{"line":50,"column":0},"end":{"line":50,"column":31}},"30":{"start":{"line":51,"column":0},"end":{"line":51,"column":28}},"31":{"start":{"line":53,"column":0},"end":{"line":53,"column":25}},"32":{"start":{"line":54,"column":0},"end":{"line":54,"column":29}},"33":{"start":{"line":55,"column":0},"end":{"line":55,"column":29}},"34":{"start":{"line":56,"column":0},"end":{"line":56,"column":29}},"35":{"start":{"line":58,"column":0},"end":{"line":62,"column":3}},"36":{"start":{"line":59,"column":16},"end":{"line":59,"column":63}},"37":{"start":{"line":60,"column":2},"end":{"line":60,"column":21}},"38":{"start":{"line":61,"column":2},"end":{"line":61,"column":14}},"39":{"start":{"line":64,"column":0},"end":{"line":71,"column":3}},"40":{"start":{"line":65,"column":2},"end":{"line":70,"column":3}},"41":{"start":{"line":66,"column":4},"end":{"line":66,"column":37}},"42":{"start":{"line":67,"column":4},"end":{"line":67,"column":72}},"43":{"start":{"line":68,"column":4},"end":{"line":68,"column":34}},"44":{"start":{"line":69,"column":4},"end":{"line":69,"column":24}},"45":{"start":{"line":73,"column":0},"end":{"line":73,"column":21}}},"fnMap":{"0":{"name":"(anonymous_0)","decl":{"start":{"line":28,"column":6},"end":{"line":28,"column":7}},"loc":{"start":{"line":28,"column":10},"end":{"line":30,"column":1}},"line":28},"1":{"name":"(anonymous_1)","decl":{"start":{"line":31,"column":7},"end":{"line":31,"column":8}},"loc":{"start":{"line":31,"column":14},"end":{"line":33,"column":1}},"line":31},"2":{"name":"(anonymous_2)","decl":{"start":{"line":58,"column":8},"end":{"line":58,"column":9}},"loc":{"start":{"line":58,"column":26},"end":{"line":62,"column":1}},"line":58},"3":{"name":"(anonymous_3)","decl":{"start":{"line":64,"column":8},"end":{"line":64,"column":9}},"loc":{"start":{"line":64,"column":31},"end":{"line":71,"column":1}},"line":64}},"branchMap":{"0":{"loc":{"start":{"line":20,"column":16},"end":{"line":20,"column":40}},"type":"binary-expr","locations":[{"start":{"line":20,"column":16},"end":{"line":20,"column":32}},{"start":{"line":20,"column":36},"end":{"line":20,"column":40}}],"line":20},"1":{"loc":{"start":{"line":65,"column":2},"end":{"line":70,"column":3}},"type":"if","locations":[{"start":{"line":65,"column":2},"end":{"line":70,"column":3}},{"start":{"line":65,"column":2},"end":{"line":70,"column":3}}],"line":65},"2":{"loc":{"start":{"line":67,"column":23},"end":{"line":67,"column":71}},"type":"cond-expr","locations":[{"start":{"line":67,"column":63},"end":{"line":67,"column":66}},{"start":{"line":67,"column":69},"end":{"line":67,"column":71}}],"line":67},"3":{"loc":{"start":{"line":68,"column":15},"end":{"line":68,"column":32}},"type":"binary-expr","locations":[{"start":{"line":68,"column":15},"end":{"line":68,"column":25}},{"start":{"line":68,"column":29},"end":{"line":68,"column":32}}],"line":68}},"s":{"0":1,"1":1,"2":1,"3":1,"4":1,"5":1,"6":1,"7":1,"8":1,"9":1,"10":1,"11":1,"12":1,"13":1,"14":1,"15":1,"16":1,"17":1,"18":1,"19":1,"20":1,"21":1,"22":0,"23":1,"24":1,"25":1,"26":1,"27":1,"28":1,"29":1,"30":1,"31":1,"32":1,"33":1,"34":1,"35":1,"36":0,"37":0,"38":0,"39":1,"40":0,"41":0,"42":0,"43":0,"44":0,"45":1},"f":{"0":1,"1":0,"2":0,"3":0},"b":{"0":[1,1],"1":[0,0],"2":[0,0],"3":[0,0]},"_coverageSchema":"1a1c01bbd47fc00a2c39e90264f33305004495a9","hash":"82bd622c096cd01b266844038a74130b0d80306c"}
,"C:\\Users\\USER\\Desktop\\공부\\express\\nodebird\\controller\\user.js": {"path":"C:\\Users\\USER\\Desktop\\공부\\express\\nodebird\\controller\\user.js","statementMap":{"0":{"start":{"line":1,"column":13},"end":{"line":1,"column":38}},"1":{"start":{"line":3,"column":0},"end":{"line":22,"column":2}},"2":{"start":{"line":4,"column":2},"end":{"line":21,"column":3}},"3":{"start":{"line":5,"column":17},"end":{"line":9,"column":6}},"4":{"start":{"line":10,"column":4},"end":{"line":16,"column":5}},"5":{"start":{"line":11,"column":6},"end":{"line":11,"column":59}},"6":{"start":{"line":12,"column":6},"end":{"line":12,"column":26}},"7":{"start":{"line":15,"column":6},"end":{"line":15,"column":38}},"8":{"start":{"line":19,"column":4},"end":{"line":19,"column":23}},"9":{"start":{"line":20,"column":4},"end":{"line":20,"column":14}}},"fnMap":{"0":{"name":"(anonymous_0)","decl":{"start":{"line":3,"column":23},"end":{"line":3,"column":24}},"loc":{"start":{"line":3,"column":46},"end":{"line":22,"column":1}},"line":3}},"branchMap":{"0":{"loc":{"start":{"line":10,"column":4},"end":{"line":16,"column":5}},"type":"if","locations":[{"start":{"line":10,"column":4},"end":{"line":16,"column":5}},{"start":{"line":10,"column":4},"end":{"line":16,"column":5}}],"line":10}},"s":{"0":2,"1":2,"2":3,"3":3,"4":2,"5":1,"6":1,"7":1,"8":1,"9":1},"f":{"0":3},"b":{"0":[1,1]},"_coverageSchema":"1a1c01bbd47fc00a2c39e90264f33305004495a9","hash":"78e9384279b437d5bf19336d107cff9cb25ad1b9"}
,"C:\\Users\\USER\\Desktop\\공부\\express\\nodebird\\models\\hashtag.js": {"path":"C:\\Users\\USER\\Desktop\\공부\\express\\nodebird\\models\\hashtag.js","statementMap":{"0":{"start":{"line":1,"column":18},"end":{"line":1,"column":38}},"1":{"start":{"line":3,"column":0},"end":{"line":26,"column":2}},"2":{"start":{"line":5,"column":4},"end":{"line":20,"column":8}},"3":{"start":{"line":24,"column":4},"end":{"line":24,"column":65}}},"fnMap":{"0":{"name":"(anonymous_0)","decl":{"start":{"line":4,"column":2},"end":{"line":4,"column":3}},"loc":{"start":{"line":4,"column":24},"end":{"line":21,"column":3}},"line":4},"1":{"name":"(anonymous_1)","decl":{"start":{"line":23,"column":2},"end":{"line":23,"column":3}},"loc":{"start":{"line":23,"column":22},"end":{"line":25,"column":3}},"line":23}},"branchMap":{},"s":{"0":1,"1":1,"2":1,"3":1},"f":{"0":1,"1":1},"b":{},"_coverageSchema":"1a1c01bbd47fc00a2c39e90264f33305004495a9","hash":"c589a237e5628ec57e05fca67e13ce9f1765b6b8"}
,"C:\\Users\\USER\\Desktop\\공부\\express\\nodebird\\models\\index.js": {"path":"C:\\Users\\USER\\Desktop\\공부\\express\\nodebird\\models\\index.js","statementMap":{"0":{"start":{"line":1,"column":18},"end":{"line":1,"column":38}},"1":{"start":{"line":2,"column":12},"end":{"line":2,"column":49}},"2":{"start":{"line":3,"column":15},"end":{"line":3,"column":47}},"3":{"start":{"line":4,"column":13},"end":{"line":4,"column":30}},"4":{"start":{"line":5,"column":13},"end":{"line":5,"column":30}},"5":{"start":{"line":6,"column":16},"end":{"line":6,"column":36}},"6":{"start":{"line":8,"column":11},"end":{"line":8,"column":13}},"7":{"start":{"line":9,"column":18},"end":{"line":11,"column":1}},"8":{"start":{"line":13,"column":0},"end":{"line":13,"column":25}},"9":{"start":{"line":14,"column":0},"end":{"line":14,"column":15}},"10":{"start":{"line":15,"column":0},"end":{"line":15,"column":15}},"11":{"start":{"line":16,"column":0},"end":{"line":16,"column":21}},"12":{"start":{"line":18,"column":0},"end":{"line":18,"column":21}},"13":{"start":{"line":19,"column":0},"end":{"line":19,"column":21}},"14":{"start":{"line":20,"column":0},"end":{"line":20,"column":24}},"15":{"start":{"line":22,"column":0},"end":{"line":22,"column":19}},"16":{"start":{"line":23,"column":0},"end":{"line":23,"column":19}},"17":{"start":{"line":24,"column":0},"end":{"line":24,"column":22}},"18":{"start":{"line":26,"column":0},"end":{"line":26,"column":20}}},"fnMap":{},"branchMap":{"0":{"loc":{"start":{"line":2,"column":12},"end":{"line":2,"column":49}},"type":"binary-expr","locations":[{"start":{"line":2,"column":12},"end":{"line":2,"column":32}},{"start":{"line":2,"column":36},"end":{"line":2,"column":49}}],"line":2}},"s":{"0":1,"1":1,"2":1,"3":1,"4":1,"5":1,"6":1,"7":1,"8":1,"9":1,"10":1,"11":1,"12":1,"13":1,"14":1,"15":1,"16":1,"17":1,"18":1},"f":{},"b":{"0":[1,0]},"_coverageSchema":"1a1c01bbd47fc00a2c39e90264f33305004495a9","hash":"7d3e1cc7c7a40a3eac5e6b87adf44f609f7fac94"}
,"C:\\Users\\USER\\Desktop\\공부\\express\\nodebird\\models\\post.js": {"path":"C:\\Users\\USER\\Desktop\\공부\\express\\nodebird\\models\\post.js","statementMap":{"0":{"start":{"line":1,"column":18},"end":{"line":1,"column":38}},"1":{"start":{"line":3,"column":0},"end":{"line":30,"column":2}},"2":{"start":{"line":5,"column":4},"end":{"line":23,"column":7}},"3":{"start":{"line":27,"column":4},"end":{"line":27,"column":31}},"4":{"start":{"line":28,"column":4},"end":{"line":28,"column":65}}},"fnMap":{"0":{"name":"(anonymous_0)","decl":{"start":{"line":4,"column":2},"end":{"line":4,"column":3}},"loc":{"start":{"line":4,"column":24},"end":{"line":24,"column":3}},"line":4},"1":{"name":"(anonymous_1)","decl":{"start":{"line":26,"column":2},"end":{"line":26,"column":3}},"loc":{"start":{"line":26,"column":22},"end":{"line":29,"column":3}},"line":26}},"branchMap":{},"s":{"0":1,"1":1,"2":1,"3":1,"4":1},"f":{"0":1,"1":1},"b":{},"_coverageSchema":"1a1c01bbd47fc00a2c39e90264f33305004495a9","hash":"ef8f2211eb849ccf26dbaf0e90483fe03eef233a"}
,"C:\\Users\\USER\\Desktop\\공부\\express\\nodebird\\models\\user.js": {"path":"C:\\Users\\USER\\Desktop\\공부\\express\\nodebird\\models\\user.js","statementMap":{"0":{"start":{"line":1,"column":18},"end":{"line":1,"column":38}},"1":{"start":{"line":3,"column":0},"end":{"line":53,"column":2}},"2":{"start":{"line":5,"column":4},"end":{"line":37,"column":7}},"3":{"start":{"line":41,"column":4},"end":{"line":41,"column":29}},"4":{"start":{"line":42,"column":4},"end":{"line":46,"column":7}},"5":{"start":{"line":47,"column":4},"end":{"line":51,"column":7}}},"fnMap":{"0":{"name":"(anonymous_0)","decl":{"start":{"line":4,"column":2},"end":{"line":4,"column":3}},"loc":{"start":{"line":4,"column":25},"end":{"line":38,"column":3}},"line":4},"1":{"name":"(anonymous_1)","decl":{"start":{"line":40,"column":2},"end":{"line":40,"column":3}},"loc":{"start":{"line":40,"column":23},"end":{"line":52,"column":3}},"line":40}},"branchMap":{},"s":{"0":3,"1":3,"2":2,"3":2,"4":2,"5":2},"f":{"0":2,"1":2},"b":{},"_coverageSchema":"1a1c01bbd47fc00a2c39e90264f33305004495a9","hash":"ca35710681947a76e4bf7592433640b475eabf1a"}
,"C:\\Users\\USER\\Desktop\\공부\\express\\nodebird\\passport\\index.js": {"path":"C:\\Users\\USER\\Desktop\\공부\\express\\nodebird\\passport\\index.js","statementMap":{"0":{"start":{"line":1,"column":17},"end":{"line":1,"column":36}},"1":{"start":{"line":2,"column":14},"end":{"line":2,"column":40}},"2":{"start":{"line":3,"column":14},"end":{"line":3,"column":40}},"3":{"start":{"line":4,"column":13},"end":{"line":4,"column":38}},"4":{"start":{"line":6,"column":0},"end":{"line":30,"column":2}},"5":{"start":{"line":7,"column":2},"end":{"line":9,"column":5}},"6":{"start":{"line":8,"column":4},"end":{"line":8,"column":24}},"7":{"start":{"line":11,"column":2},"end":{"line":26,"column":5}},"8":{"start":{"line":12,"column":4},"end":{"line":25,"column":27}},"9":{"start":{"line":24,"column":16},"end":{"line":24,"column":32}},"10":{"start":{"line":25,"column":16},"end":{"line":25,"column":25}},"11":{"start":{"line":28,"column":2},"end":{"line":28,"column":10}},"12":{"start":{"line":29,"column":2},"end":{"line":29,"column":10}}},"fnMap":{"0":{"name":"(anonymous_0)","decl":{"start":{"line":6,"column":17},"end":{"line":6,"column":18}},"loc":{"start":{"line":6,"column":21},"end":{"line":30,"column":1}},"line":6},"1":{"name":"(anonymous_1)","decl":{"start":{"line":7,"column":25},"end":{"line":7,"column":26}},"loc":{"start":{"line":7,"column":39},"end":{"line":9,"column":3}},"line":7},"2":{"name":"(anonymous_2)","decl":{"start":{"line":11,"column":27},"end":{"line":11,"column":28}},"loc":{"start":{"line":11,"column":39},"end":{"line":26,"column":3}},"line":11},"3":{"name":"(anonymous_3)","decl":{"start":{"line":24,"column":10},"end":{"line":24,"column":11}},"loc":{"start":{"line":24,"column":16},"end":{"line":24,"column":32}},"line":24},"4":{"name":"(anonymous_4)","decl":{"start":{"line":25,"column":11},"end":{"line":25,"column":12}},"loc":{"start":{"line":25,"column":16},"end":{"line":25,"column":25}},"line":25}},"branchMap":{},"s":{"0":1,"1":1,"2":1,"3":1,"4":1,"5":1,"6":3,"7":1,"8":3,"9":3,"10":0,"11":1,"12":1},"f":{"0":1,"1":3,"2":3,"3":3,"4":0},"b":{},"_coverageSchema":"1a1c01bbd47fc00a2c39e90264f33305004495a9","hash":"63f8258ef2556ba8308f2519b95a51072e2c09a4"}
,"C:\\Users\\USER\\Desktop\\공부\\express\\nodebird\\passport\\kakaoStrategy.js": {"path":"C:\\Users\\USER\\Desktop\\공부\\express\\nodebird\\passport\\kakaoStrategy.js","statementMap":{"0":{"start":{"line":1,"column":17},"end":{"line":1,"column":36}},"1":{"start":{"line":2,"column":22},"end":{"line":2,"column":56}},"2":{"start":{"line":4,"column":13},"end":{"line":4,"column":38}},"3":{"start":{"line":6,"column":0},"end":{"line":34,"column":2}},"4":{"start":{"line":7,"column":2},"end":{"line":33,"column":6}},"5":{"start":{"line":11,"column":4},"end":{"line":11,"column":42}},"6":{"start":{"line":12,"column":4},"end":{"line":32,"column":5}},"7":{"start":{"line":13,"column":21},"end":{"line":15,"column":8}},"8":{"start":{"line":16,"column":6},"end":{"line":27,"column":7}},"9":{"start":{"line":17,"column":8},"end":{"line":17,"column":27}},"10":{"start":{"line":20,"column":24},"end":{"line":25,"column":10}},"11":{"start":{"line":26,"column":8},"end":{"line":26,"column":28}},"12":{"start":{"line":30,"column":6},"end":{"line":30,"column":27}},"13":{"start":{"line":31,"column":6},"end":{"line":31,"column":18}}},"fnMap":{"0":{"name":"(anonymous_0)","decl":{"start":{"line":6,"column":17},"end":{"line":6,"column":18}},"loc":{"start":{"line":6,"column":21},"end":{"line":34,"column":1}},"line":6},"1":{"name":"(anonymous_1)","decl":{"start":{"line":10,"column":5},"end":{"line":10,"column":6}},"loc":{"start":{"line":10,"column":54},"end":{"line":33,"column":3}},"line":10}},"branchMap":{"0":{"loc":{"start":{"line":16,"column":6},"end":{"line":27,"column":7}},"type":"if","locations":[{"start":{"line":16,"column":6},"end":{"line":27,"column":7}},{"start":{"line":16,"column":6},"end":{"line":27,"column":7}}],"line":16},"1":{"loc":{"start":{"line":21,"column":18},"end":{"line":21,"column":67}},"type":"binary-expr","locations":[{"start":{"line":21,"column":18},"end":{"line":21,"column":31}},{"start":{"line":21,"column":35},"end":{"line":21,"column":67}}],"line":21}},"s":{"0":1,"1":1,"2":1,"3":1,"4":1,"5":0,"6":0,"7":0,"8":0,"9":0,"10":0,"11":0,"12":0,"13":0},"f":{"0":1,"1":0},"b":{"0":[0,0],"1":[0,0]},"_coverageSchema":"1a1c01bbd47fc00a2c39e90264f33305004495a9","hash":"d6dbe01889c3c4b8cda7c272b6aa027a4167833b"}
,"C:\\Users\\USER\\Desktop\\공부\\express\\nodebird\\passport\\localStrategy.js": {"path":"C:\\Users\\USER\\Desktop\\공부\\express\\nodebird\\passport\\localStrategy.js","statementMap":{"0":{"start":{"line":1,"column":17},"end":{"line":1,"column":36}},"1":{"start":{"line":2,"column":22},"end":{"line":2,"column":56}},"2":{"start":{"line":3,"column":15},"end":{"line":3,"column":32}},"3":{"start":{"line":5,"column":13},"end":{"line":5,"column":38}},"4":{"start":{"line":6,"column":0},"end":{"line":32,"column":2}},"5":{"start":{"line":7,"column":2},"end":{"line":31,"column":6}},"6":{"start":{"line":11,"column":4},"end":{"line":30,"column":5}},"7":{"start":{"line":12,"column":21},"end":{"line":12,"column":58}},"8":{"start":{"line":13,"column":6},"end":{"line":25,"column":7}},"9":{"start":{"line":14,"column":8},"end":{"line":14,"column":64}},"10":{"start":{"line":15,"column":23},"end":{"line":15,"column":70}},"11":{"start":{"line":16,"column":8},"end":{"line":21,"column":9}},"12":{"start":{"line":17,"column":10},"end":{"line":17,"column":29}},"13":{"start":{"line":20,"column":10},"end":{"line":20,"column":59}},"14":{"start":{"line":24,"column":8},"end":{"line":24,"column":56}},"15":{"start":{"line":28,"column":6},"end":{"line":28,"column":27}},"16":{"start":{"line":29,"column":6},"end":{"line":29,"column":18}}},"fnMap":{"0":{"name":"(anonymous_0)","decl":{"start":{"line":6,"column":17},"end":{"line":6,"column":18}},"loc":{"start":{"line":6,"column":21},"end":{"line":32,"column":1}},"line":6},"1":{"name":"(anonymous_1)","decl":{"start":{"line":10,"column":5},"end":{"line":10,"column":6}},"loc":{"start":{"line":10,"column":35},"end":{"line":31,"column":3}},"line":10}},"branchMap":{"0":{"loc":{"start":{"line":13,"column":6},"end":{"line":25,"column":7}},"type":"if","locations":[{"start":{"line":13,"column":6},"end":{"line":25,"column":7}},{"start":{"line":13,"column":6},"end":{"line":25,"column":7}}],"line":13},"1":{"loc":{"start":{"line":16,"column":8},"end":{"line":21,"column":9}},"type":"if","locations":[{"start":{"line":16,"column":8},"end":{"line":21,"column":9}},{"start":{"line":16,"column":8},"end":{"line":21,"column":9}}],"line":16}},"s":{"0":1,"1":1,"2":1,"3":1,"4":1,"5":1,"6":5,"7":5,"8":5,"9":4,"10":4,"11":4,"12":3,"13":1,"14":1,"15":0,"16":0},"f":{"0":1,"1":5},"b":{"0":[4,1],"1":[3,1]},"_coverageSchema":"1a1c01bbd47fc00a2c39e90264f33305004495a9","hash":"88882004439f4441f5a554f351b9b5719edeb26e"}
,"C:\\Users\\USER\\Desktop\\공부\\express\\nodebird\\routes\\auth.js": {"path":"C:\\Users\\USER\\Desktop\\공부\\express\\nodebird\\routes\\auth.js","statementMap":{"0":{"start":{"line":1,"column":16},"end":{"line":1,"column":34}},"1":{"start":{"line":2,"column":17},"end":{"line":2,"column":36}},"2":{"start":{"line":3,"column":15},"end":{"line":3,"column":32}},"3":{"start":{"line":4,"column":38},"end":{"line":4,"column":62}},"4":{"start":{"line":5,"column":13},"end":{"line":5,"column":38}},"5":{"start":{"line":7,"column":15},"end":{"line":7,"column":31}},"6":{"start":{"line":9,"column":0},"end":{"line":29,"column":3}},"7":{"start":{"line":10,"column":34},"end":{"line":10,"column":42}},"8":{"start":{"line":12,"column":2},"end":{"line":28,"column":3}},"9":{"start":{"line":13,"column":19},"end":{"line":13,"column":56}},"10":{"start":{"line":14,"column":4},"end":{"line":16,"column":5}},"11":{"start":{"line":15,"column":6},"end":{"line":15,"column":47}},"12":{"start":{"line":17,"column":17},"end":{"line":17,"column":48}},"13":{"start":{"line":18,"column":4},"end":{"line":22,"column":7}},"14":{"start":{"line":23,"column":4},"end":{"line":23,"column":29}},"15":{"start":{"line":26,"column":4},"end":{"line":26,"column":25}},"16":{"start":{"line":27,"column":4},"end":{"line":27,"column":23}},"17":{"start":{"line":31,"column":0},"end":{"line":49,"column":3}},"18":{"start":{"line":32,"column":2},"end":{"line":48,"column":21}},"19":{"start":{"line":33,"column":4},"end":{"line":33,"column":32}},"20":{"start":{"line":34,"column":4},"end":{"line":37,"column":5}},"21":{"start":{"line":35,"column":6},"end":{"line":35,"column":31}},"22":{"start":{"line":36,"column":6},"end":{"line":36,"column":29}},"23":{"start":{"line":38,"column":4},"end":{"line":40,"column":5}},"24":{"start":{"line":39,"column":6},"end":{"line":39,"column":58}},"25":{"start":{"line":41,"column":4},"end":{"line":47,"column":6}},"26":{"start":{"line":42,"column":6},"end":{"line":45,"column":7}},"27":{"start":{"line":43,"column":8},"end":{"line":43,"column":34}},"28":{"start":{"line":44,"column":8},"end":{"line":44,"column":32}},"29":{"start":{"line":46,"column":6},"end":{"line":46,"column":31}},"30":{"start":{"line":51,"column":0},"end":{"line":55,"column":3}},"31":{"start":{"line":52,"column":2},"end":{"line":52,"column":15}},"32":{"start":{"line":53,"column":2},"end":{"line":53,"column":24}},"33":{"start":{"line":54,"column":2},"end":{"line":54,"column":20}},"34":{"start":{"line":57,"column":0},"end":{"line":57,"column":53}},"35":{"start":{"line":59,"column":0},"end":{"line":63,"column":2}},"36":{"start":{"line":62,"column":2},"end":{"line":62,"column":20}},"37":{"start":{"line":65,"column":0},"end":{"line":65,"column":24}}},"fnMap":{"0":{"name":"(anonymous_0)","decl":{"start":{"line":9,"column":36},"end":{"line":9,"column":37}},"loc":{"start":{"line":9,"column":59},"end":{"line":29,"column":1}},"line":9},"1":{"name":"(anonymous_1)","decl":{"start":{"line":31,"column":37},"end":{"line":31,"column":38}},"loc":{"start":{"line":31,"column":55},"end":{"line":49,"column":1}},"line":31},"2":{"name":"(anonymous_2)","decl":{"start":{"line":32,"column":33},"end":{"line":32,"column":34}},"loc":{"start":{"line":32,"column":58},"end":{"line":48,"column":3}},"line":32},"3":{"name":"(anonymous_3)","decl":{"start":{"line":41,"column":27},"end":{"line":41,"column":28}},"loc":{"start":{"line":41,"column":41},"end":{"line":47,"column":5}},"line":41},"4":{"name":"(anonymous_4)","decl":{"start":{"line":51,"column":34},"end":{"line":51,"column":35}},"loc":{"start":{"line":51,"column":46},"end":{"line":55,"column":1}},"line":51},"5":{"name":"(anonymous_5)","decl":{"start":{"line":61,"column":4},"end":{"line":61,"column":5}},"loc":{"start":{"line":61,"column":16},"end":{"line":63,"column":1}},"line":61}},"branchMap":{"0":{"loc":{"start":{"line":14,"column":4},"end":{"line":16,"column":5}},"type":"if","locations":[{"start":{"line":14,"column":4},"end":{"line":16,"column":5}},{"start":{"line":14,"column":4},"end":{"line":16,"column":5}}],"line":14},"1":{"loc":{"start":{"line":34,"column":4},"end":{"line":37,"column":5}},"type":"if","locations":[{"start":{"line":34,"column":4},"end":{"line":37,"column":5}},{"start":{"line":34,"column":4},"end":{"line":37,"column":5}}],"line":34},"2":{"loc":{"start":{"line":38,"column":4},"end":{"line":40,"column":5}},"type":"if","locations":[{"start":{"line":38,"column":4},"end":{"line":40,"column":5}},{"start":{"line":38,"column":4},"end":{"line":40,"column":5}}],"line":38},"3":{"loc":{"start":{"line":42,"column":6},"end":{"line":45,"column":7}},"type":"if","locations":[{"start":{"line":42,"column":6},"end":{"line":45,"column":7}},{"start":{"line":42,"column":6},"end":{"line":45,"column":7}}],"line":42}},"s":{"0":1,"1":1,"2":1,"3":1,"4":1,"5":1,"6":1,"7":1,"8":1,"9":1,"10":1,"11":0,"12":1,"13":1,"14":1,"15":0,"16":0,"17":1,"18":5,"19":5,"20":5,"21":0,"22":0,"23":5,"24":2,"25":3,"26":3,"27":0,"28":0,"29":3,"30":1,"31":1,"32":1,"33":1,"34":1,"35":1,"36":0,"37":1},"f":{"0":1,"1":5,"2":5,"3":3,"4":1,"5":0},"b":{"0":[0,1],"1":[0,5],"2":[2,3],"3":[0,3]},"_coverageSchema":"1a1c01bbd47fc00a2c39e90264f33305004495a9","hash":"efad40a260457d21bf7d93ad9b17d4a6f285f26b"}
,"C:\\Users\\USER\\Desktop\\공부\\express\\nodebird\\routes\\middlewares.js": {"path":"C:\\Users\\USER\\Desktop\\공부\\express\\nodebird\\routes\\middlewares.js","statementMap":{"0":{"start":{"line":1,"column":0},"end":{"line":7,"column":2}},"1":{"start":{"line":2,"column":2},"end":{"line":6,"column":3}},"2":{"start":{"line":3,"column":4},"end":{"line":3,"column":11}},"3":{"start":{"line":5,"column":4},"end":{"line":5,"column":35}},"4":{"start":{"line":9,"column":0},"end":{"line":17,"column":2}},"5":{"start":{"line":10,"column":2},"end":{"line":16,"column":3}},"6":{"start":{"line":11,"column":4},"end":{"line":11,"column":11}},"7":{"start":{"line":14,"column":20},"end":{"line":14,"column":52}},"8":{"start":{"line":15,"column":4},"end":{"line":15,"column":39}}},"fnMap":{"0":{"name":"(anonymous_0)","decl":{"start":{"line":1,"column":21},"end":{"line":1,"column":22}},"loc":{"start":{"line":1,"column":39},"end":{"line":7,"column":1}},"line":1},"1":{"name":"(anonymous_1)","decl":{"start":{"line":9,"column":24},"end":{"line":9,"column":25}},"loc":{"start":{"line":9,"column":42},"end":{"line":17,"column":1}},"line":9}},"branchMap":{"0":{"loc":{"start":{"line":2,"column":2},"end":{"line":6,"column":3}},"type":"if","locations":[{"start":{"line":2,"column":2},"end":{"line":6,"column":3}},{"start":{"line":2,"column":2},"end":{"line":6,"column":3}}],"line":2},"1":{"loc":{"start":{"line":10,"column":2},"end":{"line":16,"column":3}},"type":"if","locations":[{"start":{"line":10,"column":2},"end":{"line":16,"column":3}},{"start":{"line":10,"column":2},"end":{"line":16,"column":3}}],"line":10}},"s":{"0":2,"1":4,"2":2,"3":2,"4":2,"5":10,"6":7,"7":3,"8":3},"f":{"0":4,"1":10},"b":{"0":[2,2],"1":[7,3]},"_coverageSchema":"1a1c01bbd47fc00a2c39e90264f33305004495a9","hash":"eade4cfb5c7b2473762a3c594427c2823cc2d8d1"}
,"C:\\Users\\USER\\Desktop\\공부\\express\\nodebird\\routes\\page.js": {"path":"C:\\Users\\USER\\Desktop\\공부\\express\\nodebird\\routes\\page.js","statementMap":{"0":{"start":{"line":1,"column":16},"end":{"line":1,"column":34}},"1":{"start":{"line":2,"column":38},"end":{"line":2,"column":62}},"2":{"start":{"line":3,"column":30},"end":{"line":3,"column":50}},"3":{"start":{"line":4,"column":15},"end":{"line":4,"column":31}},"4":{"start":{"line":6,"column":0},"end":{"line":13,"column":3}},"5":{"start":{"line":7,"column":2},"end":{"line":7,"column":38}},"6":{"start":{"line":8,"column":2},"end":{"line":8,"column":29}},"7":{"start":{"line":9,"column":2},"end":{"line":9,"column":70}},"8":{"start":{"line":10,"column":2},"end":{"line":10,"column":72}},"9":{"start":{"line":11,"column":2},"end":{"line":11,"column":79}},"10":{"start":{"line":11,"column":68},"end":{"line":11,"column":72}},"11":{"start":{"line":12,"column":2},"end":{"line":12,"column":9}},"12":{"start":{"line":15,"column":0},"end":{"line":17,"column":3}},"13":{"start":{"line":16,"column":2},"end":{"line":16,"column":56}},"14":{"start":{"line":19,"column":0},"end":{"line":21,"column":3}},"15":{"start":{"line":20,"column":2},"end":{"line":20,"column":58}},"16":{"start":{"line":23,"column":0},"end":{"line":41,"column":3}},"17":{"start":{"line":24,"column":2},"end":{"line":40,"column":3}},"18":{"start":{"line":25,"column":18},"end":{"line":31,"column":6}},"19":{"start":{"line":32,"column":4},"end":{"line":35,"column":7}},"20":{"start":{"line":38,"column":4},"end":{"line":38,"column":25}},"21":{"start":{"line":39,"column":4},"end":{"line":39,"column":16}},"22":{"start":{"line":43,"column":0},"end":{"line":64,"column":3}},"23":{"start":{"line":44,"column":16},"end":{"line":44,"column":33}},"24":{"start":{"line":45,"column":2},"end":{"line":47,"column":3}},"25":{"start":{"line":46,"column":4},"end":{"line":46,"column":29}},"26":{"start":{"line":48,"column":2},"end":{"line":63,"column":3}},"27":{"start":{"line":49,"column":20},"end":{"line":49,"column":68}},"28":{"start":{"line":50,"column":16},"end":{"line":50,"column":18}},"29":{"start":{"line":51,"column":4},"end":{"line":53,"column":5}},"30":{"start":{"line":52,"column":6},"end":{"line":52,"column":67}},"31":{"start":{"line":55,"column":4},"end":{"line":58,"column":6}},"32":{"start":{"line":61,"column":4},"end":{"line":61,"column":25}},"33":{"start":{"line":62,"column":4},"end":{"line":62,"column":23}},"34":{"start":{"line":66,"column":0},"end":{"line":66,"column":24}}},"fnMap":{"0":{"name":"(anonymous_0)","decl":{"start":{"line":6,"column":11},"end":{"line":6,"column":12}},"loc":{"start":{"line":6,"column":29},"end":{"line":13,"column":1}},"line":6},"1":{"name":"(anonymous_1)","decl":{"start":{"line":11,"column":65},"end":{"line":11,"column":66}},"loc":{"start":{"line":11,"column":68},"end":{"line":11,"column":72}},"line":11},"2":{"name":"(anonymous_2)","decl":{"start":{"line":15,"column":35},"end":{"line":15,"column":36}},"loc":{"start":{"line":15,"column":47},"end":{"line":17,"column":1}},"line":15},"3":{"name":"(anonymous_3)","decl":{"start":{"line":19,"column":35},"end":{"line":19,"column":36}},"loc":{"start":{"line":19,"column":47},"end":{"line":21,"column":1}},"line":19},"4":{"name":"(anonymous_4)","decl":{"start":{"line":23,"column":16},"end":{"line":23,"column":17}},"loc":{"start":{"line":23,"column":39},"end":{"line":41,"column":1}},"line":23},"5":{"name":"(anonymous_5)","decl":{"start":{"line":43,"column":23},"end":{"line":43,"column":24}},"loc":{"start":{"line":43,"column":46},"end":{"line":64,"column":1}},"line":43}},"branchMap":{"0":{"loc":{"start":{"line":9,"column":29},"end":{"line":9,"column":69}},"type":"cond-expr","locations":[{"start":{"line":9,"column":40},"end":{"line":9,"column":65}},{"start":{"line":9,"column":68},"end":{"line":9,"column":69}}],"line":9},"1":{"loc":{"start":{"line":10,"column":30},"end":{"line":10,"column":71}},"type":"cond-expr","locations":[{"start":{"line":10,"column":41},"end":{"line":10,"column":67}},{"start":{"line":10,"column":70},"end":{"line":10,"column":71}}],"line":10},"2":{"loc":{"start":{"line":11,"column":30},"end":{"line":11,"column":78}},"type":"cond-expr","locations":[{"start":{"line":11,"column":41},"end":{"line":11,"column":73}},{"start":{"line":11,"column":76},"end":{"line":11,"column":78}}],"line":11},"3":{"loc":{"start":{"line":45,"column":2},"end":{"line":47,"column":3}},"type":"if","locations":[{"start":{"line":45,"column":2},"end":{"line":47,"column":3}},{"start":{"line":45,"column":2},"end":{"line":47,"column":3}}],"line":45},"4":{"loc":{"start":{"line":51,"column":4},"end":{"line":53,"column":5}},"type":"if","locations":[{"start":{"line":51,"column":4},"end":{"line":53,"column":5}},{"start":{"line":51,"column":4},"end":{"line":53,"column":5}}],"line":51}},"s":{"0":1,"1":1,"2":1,"3":1,"4":1,"5":10,"6":10,"7":10,"8":10,"9":10,"10":0,"11":10,"12":1,"13":0,"14":1,"15":0,"16":1,"17":0,"18":0,"19":0,"20":0,"21":0,"22":1,"23":0,"24":0,"25":0,"26":0,"27":0,"28":0,"29":0,"30":0,"31":0,"32":0,"33":0,"34":1},"f":{"0":10,"1":0,"2":0,"3":0,"4":0,"5":0},"b":{"0":[3,7],"1":[3,7],"2":[3,7],"3":[0,0],"4":[0,0]},"_coverageSchema":"1a1c01bbd47fc00a2c39e90264f33305004495a9","hash":"218118f3f3c1de8c1e24141ad019cc583f1db1f7"}
,"C:\\Users\\USER\\Desktop\\공부\\express\\nodebird\\routes\\post.js": {"path":"C:\\Users\\USER\\Desktop\\공부\\express\\nodebird\\routes\\post.js","statementMap":{"0":{"start":{"line":1,"column":16},"end":{"line":1,"column":34}},"1":{"start":{"line":2,"column":15},"end":{"line":2,"column":32}},"2":{"start":{"line":3,"column":13},"end":{"line":3,"column":28}},"3":{"start":{"line":4,"column":11},"end":{"line":4,"column":24}},"4":{"start":{"line":6,"column":26},"end":{"line":6,"column":46}},"5":{"start":{"line":7,"column":23},"end":{"line":7,"column":47}},"6":{"start":{"line":9,"column":15},"end":{"line":9,"column":31}},"7":{"start":{"line":11,"column":0},"end":{"line":17,"column":1}},"8":{"start":{"line":12,"column":2},"end":{"line":12,"column":28}},"9":{"start":{"line":15,"column":2},"end":{"line":15,"column":52}},"10":{"start":{"line":16,"column":2},"end":{"line":16,"column":26}},"11":{"start":{"line":19,"column":15},"end":{"line":30,"column":2}},"12":{"start":{"line":22,"column":6},"end":{"line":22,"column":27}},"13":{"start":{"line":25,"column":18},"end":{"line":25,"column":49}},"14":{"start":{"line":26,"column":6},"end":{"line":26,"column":69}},"15":{"start":{"line":32,"column":0},"end":{"line":35,"column":3}},"16":{"start":{"line":33,"column":2},"end":{"line":33,"column":38}},"17":{"start":{"line":34,"column":2},"end":{"line":34,"column":54}},"18":{"start":{"line":37,"column":16},"end":{"line":37,"column":24}},"19":{"start":{"line":39,"column":0},"end":{"line":64,"column":3}},"20":{"start":{"line":40,"column":2},"end":{"line":63,"column":3}},"21":{"start":{"line":41,"column":17},"end":{"line":45,"column":6}},"22":{"start":{"line":46,"column":21},"end":{"line":46,"column":56}},"23":{"start":{"line":48,"column":4},"end":{"line":57,"column":5}},"24":{"start":{"line":49,"column":21},"end":{"line":55,"column":7}},"25":{"start":{"line":51,"column":10},"end":{"line":53,"column":13}},"26":{"start":{"line":56,"column":6},"end":{"line":56,"column":50}},"27":{"start":{"line":56,"column":43},"end":{"line":56,"column":47}},"28":{"start":{"line":58,"column":4},"end":{"line":58,"column":22}},"29":{"start":{"line":61,"column":4},"end":{"line":61,"column":25}},"30":{"start":{"line":62,"column":4},"end":{"line":62,"column":16}},"31":{"start":{"line":66,"column":0},"end":{"line":66,"column":24}}},"fnMap":{"0":{"name":"(anonymous_0)","decl":{"start":{"line":21,"column":4},"end":{"line":21,"column":5}},"loc":{"start":{"line":21,"column":30},"end":{"line":23,"column":5}},"line":21},"1":{"name":"(anonymous_1)","decl":{"start":{"line":24,"column":4},"end":{"line":24,"column":5}},"loc":{"start":{"line":24,"column":27},"end":{"line":27,"column":5}},"line":24},"2":{"name":"(anonymous_2)","decl":{"start":{"line":32,"column":54},"end":{"line":32,"column":55}},"loc":{"start":{"line":32,"column":71},"end":{"line":35,"column":1}},"line":32},"3":{"name":"(anonymous_3)","decl":{"start":{"line":39,"column":45},"end":{"line":39,"column":46}},"loc":{"start":{"line":39,"column":68},"end":{"line":64,"column":1}},"line":39},"4":{"name":"(anonymous_4)","decl":{"start":{"line":50,"column":21},"end":{"line":50,"column":22}},"loc":{"start":{"line":50,"column":26},"end":{"line":54,"column":9}},"line":50},"5":{"name":"(anonymous_5)","decl":{"start":{"line":56,"column":40},"end":{"line":56,"column":41}},"loc":{"start":{"line":56,"column":43},"end":{"line":56,"column":47}},"line":56}},"branchMap":{"0":{"loc":{"start":{"line":48,"column":4},"end":{"line":57,"column":5}},"type":"if","locations":[{"start":{"line":48,"column":4},"end":{"line":57,"column":5}},{"start":{"line":48,"column":4},"end":{"line":57,"column":5}}],"line":48}},"s":{"0":1,"1":1,"2":1,"3":1,"4":1,"5":1,"6":1,"7":1,"8":1,"9":0,"10":0,"11":1,"12":0,"13":0,"14":0,"15":1,"16":0,"17":0,"18":1,"19":1,"20":0,"21":0,"22":0,"23":0,"24":0,"25":0,"26":0,"27":0,"28":0,"29":0,"30":0,"31":1},"f":{"0":0,"1":0,"2":0,"3":0,"4":0,"5":0},"b":{"0":[0,0]},"_coverageSchema":"1a1c01bbd47fc00a2c39e90264f33305004495a9","hash":"b2ec6503de4cb561680dd46eba17ed4b3cdac539"}
,"C:\\Users\\USER\\Desktop\\공부\\express\\nodebird\\routes\\user.js": {"path":"C:\\Users\\USER\\Desktop\\공부\\express\\nodebird\\routes\\user.js","statementMap":{"0":{"start":{"line":1,"column":16},"end":{"line":1,"column":34}},"1":{"start":{"line":3,"column":23},"end":{"line":3,"column":47}},"2":{"start":{"line":4,"column":25},"end":{"line":4,"column":54}},"3":{"start":{"line":6,"column":15},"end":{"line":6,"column":31}},"4":{"start":{"line":8,"column":0},"end":{"line":8,"column":53}},"5":{"start":{"line":10,"column":0},"end":{"line":10,"column":24}}},"fnMap":{},"branchMap":{},"s":{"0":1,"1":1,"2":1,"3":1,"4":1,"5":1},"f":{},"b":{},"_coverageSchema":"1a1c01bbd47fc00a2c39e90264f33305004495a9","hash":"2cf86d7b4f0befa2479ecafab4e408f02b404186"}
}
